2023-01-19 09:52:05|84.916µs|204|OPTIONS|/short|::1|0 B|0 B||
2023-01-19 09:52:05|38.616417ms|200|POST|/short|::1|49 B|45 B|{"link":"https://codepen.io/edeesims/pen/wvpYWW"}|
2023-01-19 09:52:27|38.41525ms|200|POST|/short|::1|49 B|45 B|{"link":"https://codepen.io/edeesims/pen/wvpYWW"}|
2023-01-19 09:52:46|46.736208ms|200|POST|/short|::1|60 B|45 B|{
    "link":"https://github.com/Leizhenpeng/link-shorter"
}|
2023-01-19 09:54:08|70.503417ms|200|POST|/short|::1|60 B|45 B|{"link":"https://github.com/Leizhenpeng/link-shorter"}|
2023-01-19 09:54:55|39.671208ms|200|POST|/short|::1|66 B|45 B|{"link":"https://cn.vitejs.dev/guide/env-and-mode.html#env-files"}|
2023-01-19 09:55:55|45.958µs|204|OPTIONS|//short|::1|0 B|0 B||
2023-01-19 09:55:55|37.083µs|404|POST|//short|::1|77 B|9 B|{"link":"https://docs.iris-go.com/iris/security/cors#the-cors-configuration"}|
2023-01-19 09:56:40|39.4375ms|200|POST|/short|::1|54 B|45 B|{"link":"https://github.com/Leizhenpeng/link-shorter"}|
2023-01-19 09:57:01|44.079125ms|200|POST|/short|::1|60 B|45 B|{"link":"https://github.com/Leizhenpeng/link-shorter"}|
2023-01-19 09:57:45|529.417µs|404|POST|//short|::1|77 B|9 B|{"link":"https://docs.iris-go.com/iris/security/cors#the-cors-configuration"}|
2023-01-19 09:58:28|370.208µs|404|POST|//short|::1|77 B|9 B|{"link":"https://docs.iris-go.com/iris/security/cors#the-cors-configuration"}|
2023-01-19 09:59:23|70.583µs|204|OPTIONS|//short|::1|0 B|0 B||
2023-01-19 09:59:23|48.583µs|404|POST|//short|::1|66 B|9 B|{"link":"https://cn.vitejs.dev/guide/env-and-mode.html#env-files"}|
2023-01-19 10:00:06|90.084µs|404|POST|//short|::1|66 B|9 B|{"link":"https://cn.vitejs.dev/guide/env-and-mode.html#env-files"}|
2023-01-19 10:01:40|37.5µs|404|POST|//short|::1|66 B|9 B|{"link":"https://cn.vitejs.dev/guide/env-and-mode.html#env-files"}|
2023-01-19 10:02:05|65.333µs|404|POST|//short|::1|66 B|9 B|{"link":"https://cn.vitejs.dev/guide/env-and-mode.html#env-files"}|
2023-01-19 10:02:23|36.615625ms|200|POST|/short|::1|60 B|45 B|{"link":"https://github.com/Leizhenpeng/link-shorter"}|
2023-01-19 10:02:55|43.484584ms|200|POST|/short|::1|66 B|45 B|{"link":"https://cn.vitejs.dev/guide/env-and-mode.html#env-files"}|
2023-01-19 10:03:01|37.942666ms|200|POST|/short|::1|66 B|45 B|{"link":"https://cn.vitejs.dev/guide/env-and-mode.html#env-files"}|
2023-01-19 10:03:48|38.475917ms|200|POST|/short|::1|66 B|45 B|{"link":"https://cn.vitejs.dev/guide/env-and-mode.html#env-files"}|
2023-01-19 10:03:53|99.917µs|404|GET|/short|::1|0 B|9 B||
2023-01-19 10:03:53|33.584µs|404|GET|/favicon.ico|::1|0 B|9 B||
2023-01-19 10:04:17|40.694292ms|200|POST|/short|::1|66 B|45 B|{"link":"https://cn.vitejs.dev/guide/env-and-mode.html#env-files"}|
2023-01-19 10:04:52|39.46025ms|200|POST|/short|::1|60 B|45 B|{"link":"https://github.com/Leizhenpeng/link-shorter"}|
2023-01-19 10:12:25|53.333µs|204|OPTIONS|/api/short|::1|0 B|0 B||
2023-01-19 10:12:25|44.291µs|404|POST|/api/short|::1|90 B|9 B|{"link":"https://cn.vitejs.dev/guide/env-and-mode.html#env-files","withCredentials":false}|
2023-01-19 10:12:37|41.546417ms|200|POST|/short|::1|90 B|45 B|{"link":"https://cn.vitejs.dev/guide/env-and-mode.html#env-files","withCredentials":false}|
2023-01-19 10:13:36|38.110583ms|200|POST|/short|::1|90 B|45 B|{"link":"https://cn.vitejs.dev/guide/env-and-mode.html#env-files","withCredentials":false}|
2023-01-19 10:14:10|39.622667ms|200|POST|/short|::1|90 B|45 B|{"link":"https://cn.vitejs.dev/guide/env-and-mode.html#env-files","withCredentials":false}|
2023-01-19 10:27:37|39.415708ms|200|POST|/short|::1|90 B|45 B|{"link":"https://cn.vitejs.dev/guide/env-and-mode.html#env-files","withCredentials":false}|
2023-01-19 10:28:01|69.833µs|404|GET|/short|::1|0 B|9 B||
2023-01-19 10:28:33|39.75ms|200|POST|/short|::1|66 B|45 B|{"link":"https://cn.vitejs.dev/guide/env-and-mode.html#env-files"}|
2023-01-19 10:29:40|31.458µs|204|OPTIONS|/short|::1|0 B|0 B||
2023-01-19 10:29:51|24.708µs|204|OPTIONS|/short|::1|0 B|0 B||
2023-01-19 10:30:10|413.25µs|204|OPTIONS|/short|::1|0 B|0 B||
2023-01-19 10:30:20|22.541µs|204|OPTIONS|/short|::1|0 B|0 B||
2023-01-19 10:31:23|354.542µs|204|OPTIONS|/short|::1|0 B|0 B||
2023-01-19 10:31:26|54.041µs|204|OPTIONS|/short|::1|0 B|0 B||
2023-01-19 10:34:02|245.125µs|204|OPTIONS|/short|::1|0 B|0 B||
2023-01-19 10:34:04|26.5µs|204|OPTIONS|/short|::1|0 B|0 B||
2023-01-19 10:34:06|25.083µs|204|OPTIONS|/short|::1|0 B|0 B||
2023-01-19 10:34:23|34µs|204|OPTIONS|/short|::1|0 B|0 B||
2023-01-19 10:34:23|41.087583ms|200|POST|/short|::1|66 B|45 B|{"link":"https://cn.vitejs.dev/guide/env-and-mode.html#env-files"}|
2023-01-19 10:36:36|38.019584ms|200|POST|/short|::1|66 B|45 B|{"link":"https://cn.vitejs.dev/guide/env-and-mode.html#env-files"}|
2023-01-19 10:36:42|60.172375ms|200|POST|/short|::1|66 B|45 B|{"link":"https://cn.vitejs.dev/guide/env-and-mode.html#env-files"}|
2023-01-19 10:36:59|352.792µs|404|GET|/short|::1|0 B|9 B||
2023-01-19 10:37:02|33.875µs|404|GET|/short|::1|0 B|9 B||
2023-01-19 10:38:28|109.875µs|204|OPTIONS|/short|::1|0 B|0 B||
2023-01-19 10:38:28|42.840541ms|200|POST|/short|::1|66 B|45 B|{"link":"https://cn.vitejs.dev/guide/env-and-mode.html#env-files"}|
2023-01-19 10:39:17|329.042µs|204|OPTIONS|/short|::1|0 B|0 B||
2023-01-19 10:39:17|45.159292ms|200|POST|/short|::1|66 B|45 B|{"link":"https://cn.vitejs.dev/guide/env-and-mode.html#env-files"}|
2023-01-19 19:30:36|678.875µs|200|POST|/short|::1|29 B|48 B|{"link":"link-shorter"}|
2023-01-19 19:30:40|40.6905ms|200|POST|/short|::1|60 B|45 B|{"link":"https://github.com/Leizhenpeng/link-shorter"}|
2023-01-19 19:32:15|45.459µs|204|OPTIONS|/short|::1|0 B|0 B||
2023-01-19 19:32:15|39.104417ms|200|POST|/short|::1|74 B|45 B|{"link":"https://stackoverflow.com/questions/8660209/how-to-validate-url"}|
